<?xml version="1.0" encoding="UTF-8"?>
<!-- Generated by org.testng.reporters.JUnitReportReporter -->
<testsuite hostname="MSI" failures="0" tests="1" name="testcases.LogoutTest" time="44.109" errors="0" timestamp="2022-11-26T22:08:14 IST" skipped="0">
  <testcase classname="testcases.LogoutTest" name="logoutTest" time="44.109"/>
  <system-out/>
</testsuite> <!-- testcases.LogoutTest -->
