<?xml version="1.0" encoding="UTF-8"?>
<!-- Generated by org.testng.reporters.JUnitReportReporter -->
<testsuite hostname="MSI" failures="0" tests="1" name="testcases.LoginTest" time="0.518" errors="0" timestamp="2022-11-26T22:08:14 IST" skipped="0">
  <testcase classname="testcases.LoginTest" name="loginTestMethod" time="0.518"/>
  <system-out/>
</testsuite> <!-- testcases.LoginTest -->
